c:\cpp_projects\techies-minesweeper\techies\x64\debug\vc143.pdb
c:\cpp_projects\techies-minesweeper\techies\x64\debug\vc143.idb
c:\cpp_projects\techies-minesweeper\techies\x64\debug\main.obj
c:\cpp_projects\techies-minesweeper\techies\x64\debug\field.obj
c:\cpp_projects\techies-minesweeper\techies\x64\debug\cell.obj
c:\cpp_projects\techies-minesweeper\x64\debug\techies.pdb
c:\cpp_projects\techies-minesweeper\techies\x64\debug\techies.tlog\cl.command.1.tlog
c:\cpp_projects\techies-minesweeper\techies\x64\debug\techies.tlog\cl.items.tlog
c:\cpp_projects\techies-minesweeper\techies\x64\debug\techies.tlog\cl.read.1.tlog
c:\cpp_projects\techies-minesweeper\techies\x64\debug\techies.tlog\cl.write.1.tlog
c:\cpp_projects\techies-minesweeper\techies\x64\debug\techies.tlog\link-cvtres.read.1.tlog
c:\cpp_projects\techies-minesweeper\techies\x64\debug\techies.tlog\link-cvtres.write.1.tlog
c:\cpp_projects\techies-minesweeper\techies\x64\debug\techies.tlog\link-rc.read.1.tlog
c:\cpp_projects\techies-minesweeper\techies\x64\debug\techies.tlog\link-rc.write.1.tlog
c:\cpp_projects\techies-minesweeper\techies\x64\debug\techies.tlog\link.14008-cvtres.read.1.tlog
c:\cpp_projects\techies-minesweeper\techies\x64\debug\techies.tlog\link.14008-cvtres.write.1.tlog
c:\cpp_projects\techies-minesweeper\techies\x64\debug\techies.tlog\link.14008-rc.read.1.tlog
c:\cpp_projects\techies-minesweeper\techies\x64\debug\techies.tlog\link.14008-rc.write.1.tlog
c:\cpp_projects\techies-minesweeper\techies\x64\debug\techies.tlog\link.14008.read.1.tlog
c:\cpp_projects\techies-minesweeper\techies\x64\debug\techies.tlog\link.14008.read.2.tlog
c:\cpp_projects\techies-minesweeper\techies\x64\debug\techies.tlog\link.14008.write.1.tlog
c:\cpp_projects\techies-minesweeper\techies\x64\debug\techies.tlog\link.command.1.tlog
c:\cpp_projects\techies-minesweeper\techies\x64\debug\techies.tlog\link.read.1.tlog
c:\cpp_projects\techies-minesweeper\techies\x64\debug\techies.tlog\link.read.2.tlog
c:\cpp_projects\techies-minesweeper\techies\x64\debug\techies.tlog\link.secondary.1.tlog
c:\cpp_projects\techies-minesweeper\techies\x64\debug\techies.tlog\link.write.1.tlog
