  main.cpp
C:\programming\cpp\Techies\Techies\objects.hpp(63,19): error C2059: синтаксическая ошибка: )
  (компиляция исходного файла "main.cpp")
  
C:\programming\cpp\Techies\Techies\objects.hpp(63,21): error C2143: синтаксическая ошибка: отсутствие ";" перед "{"
  (компиляция исходного файла "main.cpp")
  
C:\programming\cpp\Techies\Techies\objects.hpp(63,21): error C2447: {: отсутствует заголовок функции (возможно, используется формальный список старого типа)
  (компиляция исходного файла "main.cpp")
  
C:\programming\cpp\Techies\Techies\main.cpp(31,1): error C2628: недопустимый "RestartButton" с последующим "int" (возможно, отсутствует ";")
C:\programming\cpp\Techies\Techies\main.cpp(31,5): error C3874: возвращаемый тип "main" должен быть "int", а не "RestartButton"
C:\programming\cpp\Techies\Techies\main.cpp(73,5): error C2440: return: невозможно преобразовать "int" в "RestartButton"
      C:\programming\cpp\Techies\Techies\main.cpp(73,5):
      "RestartButton::RestartButton": ни одна перегруженная функция не может преобразовать все типы аргументов
          C:\programming\cpp\Techies\Techies\buttons.hpp(43,1):
          может быть "RestartButton::RestartButton(RestartButton &&)"
              C:\programming\cpp\Techies\Techies\main.cpp(73,5):
              "RestartButton::RestartButton(RestartButton &&)": невозможно преобразовать аргумент 1 из "int" в "RestartButton &&"
                  C:\programming\cpp\Techies\Techies\main.cpp(73,12):
                  Причина: невозможно преобразовать "int" в "RestartButton"
                  C:\programming\cpp\Techies\Techies\main.cpp(73,12):
                  Для преобразования требуется второй оператор пользовательского преобразования или конструктор
          C:\programming\cpp\Techies\Techies\buttons.hpp(43,1):
          или       "RestartButton::RestartButton(const RestartButton &)"
              C:\programming\cpp\Techies\Techies\main.cpp(73,5):
              "RestartButton::RestartButton(const RestartButton &)": невозможно преобразовать аргумент 1 из "int" в "const RestartButton &"
                  C:\programming\cpp\Techies\Techies\main.cpp(73,12):
                  Причина: невозможно преобразовать "int" в "const RestartButton"
                  C:\programming\cpp\Techies\Techies\main.cpp(73,12):
                  Для преобразования требуется второй оператор пользовательского преобразования или конструктор
          C:\programming\cpp\Techies\Techies\main.cpp(73,5):
          при попытке сопоставить список аргументов "(int)"
  
